<?xml version="1.0" encoding="UTF-8"?>
<!-- Generated by org.testng.reporters.JUnitReportReporter -->
<testsuite skipped="0" hostname="DESKTOP-ROL430O" name="com.mytests.maven.testng.restapi.testcases.GoogleSearchPlacesTest" tests="1" failures="0" timestamp="31 Aug 2018 04:31:25 GMT" time="2.550" errors="0">
  <testcase name="searchPlaces" time="2.550" classname="com.mytests.maven.testng.restapi.testcases.GoogleSearchPlacesTest"/>
</testsuite> <!-- com.mytests.maven.testng.restapi.testcases.GoogleSearchPlacesTest -->
